[2022-08-14 16:18:34,680][zlg.start_project 21] INFO:start ui...
[2022-08-14 16:18:34,703][window_util.get_screen_size 29] INFO:1.0
[2022-08-14 16:18:34,779][zlg.start_project 26] INFO:start ui 0.09918642044067383...
[2022-08-14 18:37:52,751][zlg.start_project 21] INFO:start ui...
[2022-08-14 18:37:52,776][window_util.get_screen_size 29] INFO:1.0
[2022-08-14 18:37:52,875][zlg.start_project 26] INFO:start ui 0.12377190589904785...
[2022-08-14 18:39:23,332][zlg.start_project 21] INFO:start ui...
[2022-08-14 18:39:23,356][window_util.get_screen_size 29] INFO:1.0
[2022-08-14 18:39:23,443][zlg.start_project 26] INFO:start ui 0.11142349243164062...
[2022-08-15 23:25:10,756][zlg.start_project 23] INFO:start ui...
[2022-08-15 23:25:10,760][zlg.start_project 28] ERROR:Traceback (most recent call last):
  File "D:\Code\T1\zlg.py", line 26, in start_project
    RegUtil.winreg_right_menu()
  File "D:\Code\T1\comm\reg_util.py", line 104, in winreg_right_menu
    _key = winreg.CreateKey(winreg.HKEY_CLASSES_ROOT, r"*\shell\Open zlg\command")
PermissionError: [WinError 5] ¾Ü¾ø·ÃÎÊ¡£

[2022-08-15 23:25:10,803][window_util.get_screen_size 29] INFO:1.0
[2022-08-15 23:25:10,918][zlg.start_project 32] INFO:start ui 0.1621236801147461...
[2022-08-15 23:26:56,825][close_max_min._on_close 48] INFO:close win
[2022-08-16 22:05:16,827][zlg.start_project 23] INFO:start ui...
[2022-08-16 22:05:16,832][zlg.start_project 28] ERROR:Traceback (most recent call last):
  File "D:\Code\T1\zlg.py", line 26, in start_project
    RegUtil.winreg_right_menu()
  File "D:\Code\T1\comm\reg_util.py", line 104, in winreg_right_menu
    _key = winreg.CreateKey(winreg.HKEY_CLASSES_ROOT, r"*\shell\Open ZLG\command")
PermissionError: [WinError 5] ¾Ü¾ø·ÃÎÊ¡£

[2022-08-16 22:05:16,878][window_util.get_screen_size 29] INFO:1.0
[2022-08-16 22:05:17,001][zlg.start_project 32] INFO:start ui 0.17363595962524414...
[2022-08-16 22:07:02,073][close_max_min._on_close 48] INFO:close win
[2022-08-16 22:07:29,220][zlg.start_project 23] INFO:start ui...
[2022-08-16 22:07:29,246][window_util.get_screen_size 29] INFO:1.0
[2022-08-16 22:07:29,332][zlg.start_project 32] INFO:start ui 0.11249923706054688...
[2022-08-16 22:08:34,701][close_max_min._on_min 81] INFO:min win
[2022-08-16 22:08:56,035][close_max_min._on_close 48] INFO:close win
[2022-08-16 22:12:43,117][zlg.start_project 23] INFO:start ui...
[2022-08-16 22:12:43,137][window_util.get_screen_size 29] INFO:1.0
[2022-08-16 22:12:43,212][zlg.start_project 32] INFO:start ui 0.09499979019165039...
[2022-08-16 22:13:14,678][close_max_min._on_min 81] INFO:min win
[2022-08-16 22:15:43,891][close_max_min._on_close 48] INFO:close win
[2022-08-16 22:35:38,124][zlg.start_project 23] INFO:start ui...
[2022-08-16 22:35:38,144][window_util.get_screen_size 29] INFO:1.0
[2022-08-16 22:35:38,215][zlg.start_project 32] INFO:start ui 0.0906376838684082...
[2022-08-16 22:35:45,726][close_max_min._on_min 81] INFO:min win
[2022-08-16 22:39:43,108][zlg.quick_start_project 39] INFO:start ui...
[2022-08-16 22:39:43,127][window_util.get_screen_size 29] INFO:1.0
[2022-08-16 22:39:43,193][zlg.quick_start_project 44] INFO:start ui 0.08493995666503906...
[2022-08-16 22:39:45,033][close_max_min._on_close 48] INFO:close win
[2022-08-16 22:45:33,471][zlg.<module> 50] INFO:args--- ['D:/Code/T1/zlg.py']
[2022-08-16 22:45:33,472][zlg.<module> 52] INFO:quick start
[2022-08-16 22:45:33,513][zlg.quick_start_project 39] INFO:start ui...
[2022-08-16 22:45:33,533][window_util.get_screen_size 29] INFO:1.0
[2022-08-16 22:45:33,605][zlg.quick_start_project 44] INFO:start ui 0.09136319160461426...
[2022-08-16 22:45:35,280][close_max_min._on_min 81] INFO:min win
